<?xml version="1.0" encoding="UTF-8"?>
<testng-results ignored="0" total="1" passed="1" failed="0" skipped="0">
  <reporter-output>
  </reporter-output>
  <suite started-at="2025-03-04T13:15:17 IST" name="Default suite" finished-at="2025-03-04T13:16:23 IST" duration-ms="65489">
    <groups>
    </groups>
    <test started-at="2025-03-04T13:15:17 IST" name="Default test" finished-at="2025-03-04T13:16:23 IST" duration-ms="65489">
      <class name="com.ShoppersStack_TestScripts.TC_003_Verity_user_able_to_place_order_or_not">
        <test-method is-config="true" signature="beforeSuite()[pri:0, instance:com.ShoppersStack_TestScripts.TC_003_Verity_user_able_to_place_order_or_not@8c3b9d]" started-at="2025-03-04T13:15:17 IST" name="beforeSuite" finished-at="2025-03-04T13:15:17 IST" duration-ms="24" status="PASS">
          <reporter-output>
          </reporter-output>
        </test-method> <!-- beforeSuite -->
        <test-method is-config="true" signature="beforeTest()[pri:0, instance:com.ShoppersStack_TestScripts.TC_003_Verity_user_able_to_place_order_or_not@8c3b9d]" started-at="2025-03-04T13:15:17 IST" name="beforeTest" finished-at="2025-03-04T13:15:18 IST" duration-ms="435" status="PASS">
          <reporter-output>
          </reporter-output>
        </test-method> <!-- beforeTest -->
        <test-method is-config="true" signature="beforeClass()[pri:0, instance:com.ShoppersStack_TestScripts.TC_003_Verity_user_able_to_place_order_or_not@8c3b9d]" started-at="2025-03-04T13:15:18 IST" name="beforeClass" finished-at="2025-03-04T13:15:42 IST" duration-ms="24049" status="PASS">
          <reporter-output>
          </reporter-output>
        </test-method> <!-- beforeClass -->
        <test-method is-config="true" signature="beforeMethod()[pri:0, instance:com.ShoppersStack_TestScripts.TC_003_Verity_user_able_to_place_order_or_not@8c3b9d]" started-at="2025-03-04T13:15:42 IST" name="beforeMethod" finished-at="2025-03-04T13:15:52 IST" duration-ms="10432" status="PASS">
          <reporter-output>
          </reporter-output>
        </test-method> <!-- beforeMethod -->
        <test-method signature="placeOrder()[pri:0, instance:com.ShoppersStack_TestScripts.TC_003_Verity_user_able_to_place_order_or_not@8c3b9d]" started-at="2025-03-04T13:15:52 IST" name="placeOrder" finished-at="2025-03-04T13:16:18 IST" duration-ms="26157" status="PASS">
          <reporter-output>
          </reporter-output>
        </test-method> <!-- placeOrder -->
        <test-method is-config="true" signature="afterMethod()[pri:0, instance:com.ShoppersStack_TestScripts.TC_003_Verity_user_able_to_place_order_or_not@8c3b9d]" started-at="2025-03-04T13:16:18 IST" name="afterMethod" finished-at="2025-03-04T13:16:19 IST" duration-ms="465" status="PASS">
          <reporter-output>
          </reporter-output>
        </test-method> <!-- afterMethod -->
        <test-method is-config="true" signature="afterClass()[pri:0, instance:com.ShoppersStack_TestScripts.TC_003_Verity_user_able_to_place_order_or_not@8c3b9d]" started-at="2025-03-04T13:16:19 IST" name="afterClass" finished-at="2025-03-04T13:16:22 IST" duration-ms="3345" status="PASS">
          <reporter-output>
          </reporter-output>
        </test-method> <!-- afterClass -->
        <test-method is-config="true" signature="afterTest()[pri:0, instance:com.ShoppersStack_TestScripts.TC_003_Verity_user_able_to_place_order_or_not@8c3b9d]" started-at="2025-03-04T13:16:22 IST" name="afterTest" finished-at="2025-03-04T13:16:23 IST" duration-ms="528" status="PASS">
          <reporter-output>
          </reporter-output>
        </test-method> <!-- afterTest -->
        <test-method is-config="true" signature="afterSuite()[pri:0, instance:com.ShoppersStack_TestScripts.TC_003_Verity_user_able_to_place_order_or_not@8c3b9d]" started-at="2025-03-04T13:16:23 IST" name="afterSuite" finished-at="2025-03-04T13:16:23 IST" duration-ms="2" status="PASS">
          <reporter-output>
          </reporter-output>
        </test-method> <!-- afterSuite -->
      </class> <!-- com.ShoppersStack_TestScripts.TC_003_Verity_user_able_to_place_order_or_not -->
    </test> <!-- Default test -->
  </suite> <!-- Default suite -->
</testng-results>
