<?xml version="1.0" encoding="UTF-8"?>
<testng-results ignored="0" total="1" passed="1" failed="0" skipped="0">
  <reporter-output>
  </reporter-output>
  <suite started-at="2025-03-04T12:35:21 IST" name="Default suite" finished-at="2025-03-04T12:36:27 IST" duration-ms="65403">
    <groups>
    </groups>
    <test started-at="2025-03-04T12:35:21 IST" name="Default test" finished-at="2025-03-04T12:36:27 IST" duration-ms="65403">
      <class name="com.ShoppersStack_TestScripts.TC_001_Verity_user_able_to_add_address_or_not_Test">
        <test-method is-config="true" signature="beforeSuite()[pri:0, instance:com.ShoppersStack_TestScripts.TC_001_Verity_user_able_to_add_address_or_not_Test@1f59a598]" started-at="2025-03-04T12:35:21 IST" name="beforeSuite" finished-at="2025-03-04T12:35:21 IST" duration-ms="22" status="PASS">
          <reporter-output>
          </reporter-output>
        </test-method> <!-- beforeSuite -->
        <test-method is-config="true" signature="beforeTest()[pri:0, instance:com.ShoppersStack_TestScripts.TC_001_Verity_user_able_to_add_address_or_not_Test@1f59a598]" started-at="2025-03-04T12:35:21 IST" name="beforeTest" finished-at="2025-03-04T12:35:22 IST" duration-ms="691" status="PASS">
          <reporter-output>
          </reporter-output>
        </test-method> <!-- beforeTest -->
        <test-method is-config="true" signature="beforeClass()[pri:0, instance:com.ShoppersStack_TestScripts.TC_001_Verity_user_able_to_add_address_or_not_Test@1f59a598]" started-at="2025-03-04T12:35:22 IST" name="beforeClass" finished-at="2025-03-04T12:35:57 IST" duration-ms="35027" status="PASS">
          <reporter-output>
          </reporter-output>
        </test-method> <!-- beforeClass -->
        <test-method is-config="true" signature="beforeMethod()[pri:0, instance:com.ShoppersStack_TestScripts.TC_001_Verity_user_able_to_add_address_or_not_Test@1f59a598]" started-at="2025-03-04T12:35:57 IST" name="beforeMethod" finished-at="2025-03-04T12:36:09 IST" duration-ms="11445" status="PASS">
          <reporter-output>
          </reporter-output>
        </test-method> <!-- beforeMethod -->
        <test-method signature="addAddress()[pri:0, instance:com.ShoppersStack_TestScripts.TC_001_Verity_user_able_to_add_address_or_not_Test@1f59a598]" started-at="2025-03-04T12:36:09 IST" name="addAddress" finished-at="2025-03-04T12:36:22 IST" duration-ms="13012" status="PASS">
          <reporter-output>
          </reporter-output>
        </test-method> <!-- addAddress -->
        <test-method is-config="true" signature="afterMethod()[pri:0, instance:com.ShoppersStack_TestScripts.TC_001_Verity_user_able_to_add_address_or_not_Test@1f59a598]" started-at="2025-03-04T12:36:22 IST" name="afterMethod" finished-at="2025-03-04T12:36:22 IST" duration-ms="544" status="PASS">
          <reporter-output>
          </reporter-output>
        </test-method> <!-- afterMethod -->
        <test-method is-config="true" signature="afterClass()[pri:0, instance:com.ShoppersStack_TestScripts.TC_001_Verity_user_able_to_add_address_or_not_Test@1f59a598]" started-at="2025-03-04T12:36:22 IST" name="afterClass" finished-at="2025-03-04T12:36:26 IST" duration-ms="3960" status="PASS">
          <reporter-output>
          </reporter-output>
        </test-method> <!-- afterClass -->
        <test-method is-config="true" signature="afterTest()[pri:0, instance:com.ShoppersStack_TestScripts.TC_001_Verity_user_able_to_add_address_or_not_Test@1f59a598]" started-at="2025-03-04T12:36:26 IST" name="afterTest" finished-at="2025-03-04T12:36:27 IST" duration-ms="623" status="PASS">
          <reporter-output>
          </reporter-output>
        </test-method> <!-- afterTest -->
        <test-method is-config="true" signature="afterSuite()[pri:0, instance:com.ShoppersStack_TestScripts.TC_001_Verity_user_able_to_add_address_or_not_Test@1f59a598]" started-at="2025-03-04T12:36:27 IST" name="afterSuite" finished-at="2025-03-04T12:36:27 IST" duration-ms="1" status="PASS">
          <reporter-output>
          </reporter-output>
        </test-method> <!-- afterSuite -->
      </class> <!-- com.ShoppersStack_TestScripts.TC_001_Verity_user_able_to_add_address_or_not_Test -->
    </test> <!-- Default test -->
  </suite> <!-- Default suite -->
</testng-results>
